# JRE version: Java(TM) SE Runtime Environment (8.0_111-b14) (build 1.8.0_111-b14)
# Java VM: Java HotSpot(TM) 64-Bit Server VM (25.111-b14 mixed mode bsd-amd64 compressed oops)
Heap:
 PSYoungGen      total 346624K, used 49196K [0x000000076ab00000, 0x0000000787b00000, 0x00000007c0000000)
  eden space 237568K, 8% used [0x000000076ab00000,0x000000076bf63fd8,0x0000000779300000)
  from space 109056K, 25% used [0x0000000781080000,0x0000000782c27080,0x0000000787b00000)
  to   space 118784K, 0% used [0x0000000779300000,0x0000000779300000,0x0000000780700000)
 ParOldGen       total 644608K, used 575558K [0x00000006c0000000, 0x00000006e7580000, 0x000000076ab00000)
  object space 644608K, 89% used [0x00000006c0000000,0x00000006e3211968,0x00000006e7580000)
 Metaspace       used 50474K, capacity 52006K, committed 52224K, reserved 1095680K
  class space    used 6004K, capacity 6338K, committed 6400K, reserved 1048576K
GC Heap History (10 events):
Event: 311.789 GC heap before
{Heap before GC invocations=151 (full 7):
 PSYoungGen      total 329728K, used 317369K [0x000000076ab00000, 0x0000000787b80000, 0x00000007c0000000)
  eden space 226304K, 100% used [0x000000076ab00000,0x0000000778800000,0x0000000778800000)
  from space 103424K, 88% used [0x0000000778800000,0x000000077e0ee5f8,0x000000077ed00000)
  to   space 119808K, 0% used [0x0000000780680000,0x0000000780680000,0x0000000787b80000)
 ParOldGen       total 644608K, used 553271K [0x00000006c0000000, 0x00000006e7580000, 0x000000076ab00000)
  object space 644608K, 85% used [0x00000006c0000000,0x00000006e1c4dfe0,0x00000006e7580000)
 Metaspace       used 50458K, capacity 52006K, committed 52224K, reserved 1095680K
  class space    used 6004K, capacity 6338K, committed 6400K, reserved 1048576K
Event: 311.840 GC heap after
Heap after GC invocations=151 (full 7):
 PSYoungGen      total 332800K, used 118514K [0x000000076ab00000, 0x000000078b080000, 0x00000007c0000000)
  eden space 212992K, 0% used [0x000000076ab00000,0x000000076ab00000,0x0000000777b00000)
  from space 119808K, 98% used [0x0000000780680000,0x0000000787a3caf0,0x0000000787b80000)
  to   space 142848K, 0% used [0x0000000777b00000,0x0000000777b00000,0x0000000780680000)
 ParOldGen       total 644608K, used 575406K [0x00000006c0000000, 0x00000006e7580000, 0x000000076ab00000)
  object space 644608K, 89% used [0x00000006c0000000,0x00000006e31eb968,0x00000006e7580000)
 Metaspace       used 50458K, capacity 52006K, committed 52224K, reserved 1095680K
  class space    used 6004K, capacity 6338K, committed 6400K, reserved 1048576K
}
Event: 314.772 GC heap before
{Heap before GC invocations=152 (full 7):
 PSYoungGen      total 332800K, used 329759K [0x000000076ab00000, 0x000000078b080000, 0x00000007c0000000)
  eden space 212992K, 99% used [0x000000076ab00000,0x000000077794b388,0x0000000777b00000)
  from space 119808K, 98% used [0x0000000780680000,0x0000000787a3caf0,0x0000000787b80000)
  to   space 142848K, 0% used [0x0000000777b00000,0x0000000777b00000,0x0000000780680000)
 ParOldGen       total 644608K, used 575406K [0x00000006c0000000, 0x00000006e7580000, 0x000000076ab00000)
  object space 644608K, 89% used [0x00000006c0000000,0x00000006e31eb968,0x00000006e7580000)
 Metaspace       used 50474K, capacity 52006K, committed 52224K, reserved 1095680K
  class space    used 6004K, capacity 6338K, committed 6400K, reserved 1048576K
Event: 314.777 GC heap after
Heap after GC invocations=152 (full 7):
 PSYoungGen      total 355840K, used 9933K [0x000000076ab00000, 0x0000000789680000, 0x00000007c0000000)
  eden space 212992K, 0% used [0x000000076ab00000,0x000000076ab00000,0x0000000777b00000)
  from space 142848K, 6% used [0x0000000777b00000,0x00000007784b36d0,0x0000000780680000)
  to   space 137728K, 0% used [0x0000000781000000,0x0000000781000000,0x0000000789680000)
 ParOldGen       total 644608K, used 575446K [0x00000006c0000000, 0x00000006e7580000, 0x000000076ab00000)
  object space 644608K, 89% used [0x00000006c0000000,0x00000006e31f5968,0x00000006e7580000)
 Metaspace       used 50474K, capacity 52006K, committed 52224K, reserved 1095680K
  class space    used 6004K, capacity 6338K, committed 6400K, reserved 1048576K
}
Event: 317.757 GC heap before
{Heap before GC invocations=153 (full 7):
 PSYoungGen      total 355840K, used 222165K [0x000000076ab00000, 0x0000000789680000, 0x00000007c0000000)
  eden space 212992K, 99% used [0x000000076ab00000,0x0000000777a420f0,0x0000000777b00000)
  from space 142848K, 6% used [0x0000000777b00000,0x00000007784b36d0,0x0000000780680000)
  to   space 137728K, 0% used [0x0000000781000000,0x0000000781000000,0x0000000789680000)
 ParOldGen       total 644608K, used 575446K [0x00000006c0000000, 0x00000006e7580000, 0x000000076ab00000)
  object space 644608K, 89% used [0x00000006c0000000,0x00000006e31f5968,0x00000006e7580000)
 Metaspace       used 50474K, capacity 52006K, committed 52224K, reserved 1095680K
  class space    used 6004K, capacity 6338K, committed 6400K, reserved 1048576K
Event: 317.761 GC heap after
Heap after GC invocations=153 (full 7):
 PSYoungGen      total 354304K, used 3888K [0x000000076ab00000, 0x0000000788d00000, 0x00000007c0000000)
  eden space 226304K, 0% used [0x000000076ab00000,0x000000076ab00000,0x0000000778800000)
  from space 128000K, 3% used [0x0000000781000000,0x00000007813cc010,0x0000000788d00000)
  to   space 133632K, 0% used [0x0000000778800000,0x0000000778800000,0x0000000780a80000)
 ParOldGen       total 644608K, used 575486K [0x00000006c0000000, 0x00000006e7580000, 0x000000076ab00000)
  object space 644608K, 89% used [0x00000006c0000000,0x00000006e31ff968,0x00000006e7580000)
 Metaspace       used 50474K, capacity 52006K, committed 52224K, reserved 1095680K
  class space    used 6004K, capacity 6338K, committed 6400K, reserved 1048576K
}
Event: 321.023 GC heap before
{Heap before GC invocations=154 (full 7):
 PSYoungGen      total 354304K, used 228958K [0x000000076ab00000, 0x0000000788d00000, 0x00000007c0000000)
  eden space 226304K, 99% used [0x000000076ab00000,0x00000007786cba48,0x0000000778800000)
  from space 128000K, 3% used [0x0000000781000000,0x00000007813cc010,0x0000000788d00000)
  to   space 133632K, 0% used [0x0000000778800000,0x0000000778800000,0x0000000780a80000)
 ParOldGen       total 644608K, used 575486K [0x00000006c0000000, 0x00000006e7580000, 0x000000076ab00000)
  object space 644608K, 89% used [0x00000006c0000000,0x00000006e31ff968,0x00000006e7580000)
 Metaspace       used 50474K, capacity 52006K, committed 52224K, reserved 1095680K
  class space    used 6004K, capacity 6338K, committed 6400K, reserved 1048576K
Event: 321.027 GC heap after
Heap after GC invocations=154 (full 7):
 PSYoungGen      total 359936K, used 14752K [0x000000076ab00000, 0x0000000788d00000, 0x00000007c0000000)
  eden space 226304K, 0% used [0x000000076ab00000,0x000000076ab00000,0x0000000778800000)
  from space 133632K, 11% used [0x0000000778800000,0x0000000779668040,0x0000000780a80000)
  to   space 127488K, 0% used [0x0000000781080000,0x0000000781080000,0x0000000788d00000)
 ParOldGen       total 644608K, used 575494K [0x00000006c0000000, 0x00000006e7580000, 0x000000076ab00000)
  object space 644608K, 89% used [0x00000006c0000000,0x00000006e3201968,0x00000006e7580000)
 Metaspace       used 50474K, capacity 52006K, committed 52224K, reserved 1095680K
  class space    used 6004K, capacity 6338K, committed 6400K, reserved 1048576K
}
Event: 324.564 GC heap before
{Heap before GC invocations=155 (full 7):
 PSYoungGen      total 359936K, used 239920K [0x000000076ab00000, 0x0000000788d00000, 0x00000007c0000000)
  eden space 226304K, 99% used [0x000000076ab00000,0x00000007786e42e0,0x0000000778800000)
  from space 133632K, 11% used [0x0000000778800000,0x0000000779668040,0x0000000780a80000)
  to   space 127488K, 0% used [0x0000000781080000,0x0000000781080000,0x0000000788d00000)
 ParOldGen       total 644608K, used 575494K [0x00000006c0000000, 0x00000006e7580000, 0x000000076ab00000)
  object space 644608K, 89% used [0x00000006c0000000,0x00000006e3201968,0x00000006e7580000)
 Metaspace       used 50474K, capacity 52006K, committed 52224K, reserved 1095680K
  class space    used 6004K, capacity 6338K, committed 6400K, reserved 1048576K
Event: 324.570 GC heap after
Heap after GC invocations=155 (full 7):
 PSYoungGen      total 346624K, used 28316K [0x000000076ab00000, 0x0000000787b00000, 0x00000007c0000000)
  eden space 237568K, 0% used [0x000000076ab00000,0x000000076ab00000,0x0000000779300000)
  from space 109056K, 25% used [0x0000000781080000,0x0000000782c27080,0x0000000787b00000)
  to   space 118784K, 0% used [0x0000000779300000,0x0000000779300000,0x0000000780700000)
 ParOldGen       total 644608K, used 575558K [0x00000006c0000000, 0x00000006e7580000, 0x000000076ab00000)
  object space 644608K, 89% used [0x00000006c0000000,0x00000006e3211968,0x00000006e7580000)
 Metaspace       used 50474K, capacity 52006K, committed 52224K, reserved 1095680K
  class space    used 6004K, capacity 6338K, committed 6400K, reserved 1048576K
}

