# JRE version: Java(TM) SE Runtime Environment (8.0_111-b14) (build 1.8.0_111-b14)
# Java VM: Java HotSpot(TM) 64-Bit Server VM (25.111-b14 mixed mode bsd-amd64 compressed oops)
Heap:
 PSYoungGen      total 185856K, used 91448K [0x000000076ab00000, 0x0000000778c80000, 0x00000007c0000000)
  eden space 152064K, 46% used [0x000000076ab00000,0x000000076efe0fd8,0x0000000773f80000)
  from space 33792K, 61% used [0x0000000776b80000,0x0000000777fed060,0x0000000778c80000)
  to   space 39424K, 0% used [0x0000000773f80000,0x0000000773f80000,0x0000000776600000)
 ParOldGen       total 287232K, used 146899K [0x00000006c0000000, 0x00000006d1880000, 0x000000076ab00000)
  object space 287232K, 51% used [0x00000006c0000000,0x00000006c8f74c58,0x00000006d1880000)
 Metaspace       used 49121K, capacity 50548K, committed 50816K, reserved 1093632K
  class space    used 5950K, capacity 6243K, committed 6272K, reserved 1048576K
GC Heap History (10 events):
Event: 160.829 GC heap before
{Heap before GC invocations=63 (full 5):
 PSYoungGen      total 189440K, used 186511K [0x000000076ab00000, 0x000000077c200000, 0x00000007c0000000)
  eden space 179712K, 98% used [0x000000076ab00000,0x0000000775823f50,0x0000000775a80000)
  from space 9728K, 94% used [0x0000000777280000,0x0000000777b80020,0x0000000777c00000)
  to   space 48128K, 0% used [0x0000000779300000,0x0000000779300000,0x000000077c200000)
 ParOldGen       total 287232K, used 146899K [0x00000006c0000000, 0x00000006d1880000, 0x000000076ab00000)
  object space 287232K, 51% used [0x00000006c0000000,0x00000006c8f74c58,0x00000006d1880000)
 Metaspace       used 49120K, capacity 50548K, committed 50816K, reserved 1093632K
  class space    used 5950K, capacity 6243K, committed 6272K, reserved 1048576K
Event: 160.831 GC heap after
Heap after GC invocations=63 (full 5):
 PSYoungGen      total 202752K, used 9280K [0x000000076ab00000, 0x000000077af80000, 0x00000007c0000000)
  eden space 173568K, 0% used [0x000000076ab00000,0x000000076ab00000,0x0000000775480000)
  from space 29184K, 31% used [0x0000000779300000,0x0000000779c10020,0x000000077af80000)
  to   space 46592K, 0% used [0x0000000775480000,0x0000000775480000,0x0000000778200000)
 ParOldGen       total 287232K, used 146899K [0x00000006c0000000, 0x00000006d1880000, 0x000000076ab00000)
  object space 287232K, 51% used [0x00000006c0000000,0x00000006c8f74c58,0x00000006d1880000)
 Metaspace       used 49120K, capacity 50548K, committed 50816K, reserved 1093632K
  class space    used 5950K, capacity 6243K, committed 6272K, reserved 1048576K
}
Event: 162.209 GC heap before
{Heap before GC invocations=64 (full 5):
 PSYoungGen      total 202752K, used 179382K [0x000000076ab00000, 0x000000077af80000, 0x00000007c0000000)
  eden space 173568K, 98% used [0x000000076ab00000,0x000000077511d990,0x0000000775480000)
  from space 29184K, 31% used [0x0000000779300000,0x0000000779c10020,0x000000077af80000)
  to   space 46592K, 0% used [0x0000000775480000,0x0000000775480000,0x0000000778200000)
 ParOldGen       total 287232K, used 146899K [0x00000006c0000000, 0x00000006d1880000, 0x000000076ab00000)
  object space 287232K, 51% used [0x00000006c0000000,0x00000006c8f74c58,0x00000006d1880000)
 Metaspace       used 49120K, capacity 50548K, committed 50816K, reserved 1093632K
  class space    used 5950K, capacity 6243K, committed 6272K, reserved 1048576K
Event: 162.212 GC heap after
Heap after GC invocations=64 (full 5):
 PSYoungGen      total 185344K, used 17348K [0x000000076ab00000, 0x000000077a500000, 0x00000007c0000000)
  eden space 167936K, 0% used [0x000000076ab00000,0x000000076ab00000,0x0000000774f00000)
  from space 17408K, 99% used [0x0000000775480000,0x0000000776571050,0x0000000776580000)
  to   space 44032K, 0% used [0x0000000777a00000,0x0000000777a00000,0x000000077a500000)
 ParOldGen       total 287232K, used 146899K [0x00000006c0000000, 0x00000006d1880000, 0x000000076ab00000)
  object space 287232K, 51% used [0x00000006c0000000,0x00000006c8f74c58,0x00000006d1880000)
 Metaspace       used 49120K, capacity 50548K, committed 50816K, reserved 1093632K
  class space    used 5950K, capacity 6243K, committed 6272K, reserved 1048576K
}
Event: 163.547 GC heap before
{Heap before GC invocations=65 (full 5):
 PSYoungGen      total 185344K, used 182009K [0x000000076ab00000, 0x000000077a500000, 0x00000007c0000000)
  eden space 167936K, 98% used [0x000000076ab00000,0x0000000774bcd6e8,0x0000000774f00000)
  from space 17408K, 99% used [0x0000000775480000,0x0000000776571050,0x0000000776580000)
  to   space 44032K, 0% used [0x0000000777a00000,0x0000000777a00000,0x000000077a500000)
 ParOldGen       total 287232K, used 146899K [0x00000006c0000000, 0x00000006d1880000, 0x000000076ab00000)
  object space 287232K, 51% used [0x00000006c0000000,0x00000006c8f74c58,0x00000006d1880000)
 Metaspace       used 49120K, capacity 50548K, committed 50816K, reserved 1093632K
  class space    used 5950K, capacity 6243K, committed 6272K, reserved 1048576K
Event: 163.550 GC heap after
Heap after GC invocations=65 (full 5):
 PSYoungGen      total 195584K, used 17348K [0x000000076ab00000, 0x0000000779a80000, 0x00000007c0000000)
  eden space 162304K, 0% used [0x000000076ab00000,0x000000076ab00000,0x0000000774980000)
  from space 33280K, 52% used [0x0000000777a00000,0x0000000778af1050,0x0000000779a80000)
  to   space 41472K, 0% used [0x0000000774980000,0x0000000774980000,0x0000000777200000)
 ParOldGen       total 287232K, used 146899K [0x00000006c0000000, 0x00000006d1880000, 0x000000076ab00000)
  object space 287232K, 51% used [0x00000006c0000000,0x00000006c8f74c58,0x00000006d1880000)
 Metaspace       used 49120K, capacity 50548K, committed 50816K, reserved 1093632K
  class space    used 5950K, capacity 6243K, committed 6272K, reserved 1048576K
}
Event: 164.932 GC heap before
{Heap before GC invocations=66 (full 5):
 PSYoungGen      total 195584K, used 179044K [0x000000076ab00000, 0x0000000779a80000, 0x00000007c0000000)
  eden space 162304K, 99% used [0x000000076ab00000,0x00000007748e8160,0x0000000774980000)
  from space 33280K, 52% used [0x0000000777a00000,0x0000000778af1050,0x0000000779a80000)
  to   space 41472K, 0% used [0x0000000774980000,0x0000000774980000,0x0000000777200000)
 ParOldGen       total 287232K, used 146899K [0x00000006c0000000, 0x00000006d1880000, 0x000000076ab00000)
  object space 287232K, 51% used [0x00000006c0000000,0x00000006c8f74c58,0x00000006d1880000)
 Metaspace       used 49120K, capacity 50548K, committed 50816K, reserved 1093632K
  class space    used 5950K, capacity 6243K, committed 6272K, reserved 1048576K
Event: 164.939 GC heap after
Heap after GC invocations=66 (full 5):
 PSYoungGen      total 169472K, used 12012K [0x000000076ab00000, 0x0000000779280000, 0x00000007c0000000)
  eden space 157184K, 0% used [0x000000076ab00000,0x000000076ab00000,0x0000000774480000)
  from space 12288K, 97% used [0x0000000774980000,0x000000077553b030,0x0000000775580000)
  to   space 39936K, 0% used [0x0000000776b80000,0x0000000776b80000,0x0000000779280000)
 ParOldGen       total 287232K, used 146899K [0x00000006c0000000, 0x00000006d1880000, 0x000000076ab00000)
  object space 287232K, 51% used [0x00000006c0000000,0x00000006c8f74c58,0x00000006d1880000)
 Metaspace       used 49120K, capacity 50548K, committed 50816K, reserved 1093632K
  class space    used 5950K, capacity 6243K, committed 6272K, reserved 1048576K
}
Event: 166.175 GC heap before
{Heap before GC invocations=67 (full 5):
 PSYoungGen      total 169472K, used 166422K [0x000000076ab00000, 0x0000000779280000, 0x00000007c0000000)
  eden space 157184K, 98% used [0x000000076ab00000,0x00000007741caaf8,0x0000000774480000)
  from space 12288K, 97% used [0x0000000774980000,0x000000077553b030,0x0000000775580000)
  to   space 39936K, 0% used [0x0000000776b80000,0x0000000776b80000,0x0000000779280000)
 ParOldGen       total 287232K, used 146899K [0x00000006c0000000, 0x00000006d1880000, 0x000000076ab00000)
  object space 287232K, 51% used [0x00000006c0000000,0x00000006c8f74c58,0x00000006d1880000)
 Metaspace       used 49121K, capacity 50548K, committed 50816K, reserved 1093632K
  class space    used 5950K, capacity 6243K, committed 6272K, reserved 1048576K
Event: 166.178 GC heap after
Heap after GC invocations=67 (full 5):
 PSYoungGen      total 185856K, used 20916K [0x000000076ab00000, 0x0000000778c80000, 0x00000007c0000000)
  eden space 152064K, 0% used [0x000000076ab00000,0x000000076ab00000,0x0000000773f80000)
  from space 33792K, 61% used [0x0000000776b80000,0x0000000777fed060,0x0000000778c80000)
  to   space 39424K, 0% used [0x0000000773f80000,0x0000000773f80000,0x0000000776600000)
 ParOldGen       total 287232K, used 146899K [0x00000006c0000000, 0x00000006d1880000, 0x000000076ab00000)
  object space 287232K, 51% used [0x00000006c0000000,0x00000006c8f74c58,0x00000006d1880000)
 Metaspace       used 49121K, capacity 50548K, committed 50816K, reserved 1093632K
  class space    used 5950K, capacity 6243K, committed 6272K, reserved 1048576K
}

